collect_app/build/outputs/logs/manifest-merger-debug-report.txt
-- Merging decision tree log ---
provider#android.support.v4.content.FileProvider
INJECTED from src/main/AndroidManifest.xml:97:9-105:20
	android:authorities
		INJECTED from src/main/AndroidManifest.xml
manifest
ADDED from src/main/AndroidManifest.xml:10:1-283:12
INJECTED from src/main/AndroidManifest.xml:10:1-283:12
INJECTED from src/main/AndroidManifest.xml:10:1-283:12
INJECTED from src/main/AndroidManifest.xml:10:1-283:12
MERGED from src/main/AndroidManifest.xml:10:1-283:12
MERGED from [com.squareup.leakcanary:leakcanary-android:1.5.4] AndroidManifest.xml:17:1-61:12
MERGED from [com.android.support:multidex:1.0.3] AndroidManifest.xml:17:1-22:12
MERGED from [com.android.support:support-v13:27.1.1] AndroidManifest.xml:17:1-22:12
MERGED from [com.android.support:customtabs:27.1.1] AndroidManifest.xml:17:1-22:12
MERGED from [com.karumi:dexter:4.2.0] AndroidManifest.xml:17:1-32:12
MERGED from [com.android.support:design:27.1.1] AndroidManifest.xml:17:1-22:12
MERGED from [pub.devrel:easypermissions:0.2.1] AndroidManifest.xml:2:1-14:12
MERGED from [com.google.dagger:dagger-android-support:2.14] AndroidManifest.xml:17:1-22:12
MERGED from [com.android.support:appcompat-v7:27.1.1] AndroidManifest.xml:17:1-22:12
MERGED from [com.android.support:cardview-v7:27.1.1] AndroidManifest.xml:17:1-22:12
MERGED from [com.android.support:exifinterface:27.1.1] AndroidManifest.xml:17:1-22:12
MERGED from [com.google.android.gms:play-services-analytics:10.0.1] AndroidManifest.xml:16:1-27:12
MERGED from [com.google.android.gms:play-services-auth:10.0.1] AndroidManifest.xml:16:1-26:12
MERGED from [com.google.android.gms:play-services-maps:10.0.1] AndroidManifest.xml:16:1-25:12
MERGED from [com.google.android.gms:play-services-location:10.0.1] AndroidManifest.xml:2:1-5:12
MERGED from [com.google.firebase:firebase-core:10.0.1] AndroidManifest.xml:2:1-6:12
MERGED from [com.crashlytics.sdk.android:crashlytics:2.9.2] AndroidManifest.xml:2:1-19:12
MERGED from [com.evernote:android-job:1.2.5] AndroidManifest.xml:2:1-65:12
MERGED from [com.rarepebble:colorpicker:2.3.1] AndroidManifest.xml:2:1-11:12
MERGED from [org.osmdroid:osmdroid-android:5.6.4] AndroidManifest.xml:2:1-37:12
MERGED from [com.jakewharton.timber:timber:4.7.0] AndroidManifest.xml:2:1-9:12
MERGED from [com.journeyapps:zxing-android-embedded:3.5.0] AndroidManifest.xml:17:1-55:12
MERGED from [net.danlew:android.joda:2.9.9] AndroidManifest.xml:2:1-8:12
MERGED from [android.arch.lifecycle:extensions:1.1.1] AndroidManifest.xml:17:1-30:12
MERGED from [com.google.dagger:dagger-android:2.14] AndroidManifest.xml:17:1-22:12
MERGED from [com.jakewharton.rxbinding2:rxbinding:2.0.0] AndroidManifest.xml:2:1-8:12
MERGED from [com.trello.rxlifecycle2:rxlifecycle-android:2.2.1] AndroidManifest.xml:13:1-19:12
MERGED from [com.trello.rxlifecycle2:rxlifecycle-android-lifecycle:2.2.1] AndroidManifest.xml:2:1-8:12
MERGED from [io.reactivex.rxjava2:rxandroid:2.0.2] AndroidManifest.xml:15:1-21:12
MERGED from [com.jakewharton:butterknife:8.8.1] AndroidManifest.xml:2:1-7:12
MERGED from [com.squareup.leakcanary:leakcanary-analyzer:1.5.4] AndroidManifest.xml:17:1-25:12
MERGED from [com.google.android.gms:play-services-tagmanager-v4-impl:10.0.1] AndroidManifest.xml:16:1-20:12
MERGED from [com.google.android.gms:play-services-analytics-impl:10.0.1] AndroidManifest.xml:16:1-27:12
MERGED from [com.google.android.gms:play-services-auth-base:10.0.1] AndroidManifest.xml:2:1-5:12
MERGED from [com.google.android.gms:play-services-base:10.0.1] AndroidManifest.xml:16:1-21:12
MERGED from [com.google.firebase:firebase-analytics:10.0.1] AndroidManifest.xml:16:1-34:12
MERGED from [com.google.firebase:firebase-analytics-impl:10.0.1] AndroidManifest.xml:16:1-29:12
MERGED from [com.google.firebase:firebase-iid:10.0.1] AndroidManifest.xml:16:1-51:12
MERGED from [com.google.firebase:firebase-common:10.0.1] AndroidManifest.xml:2:1-8:12
MERGED from [com.google.android.gms:play-services-tasks:10.0.1] AndroidManifest.xml:2:1-5:12
MERGED from [com.google.android.gms:play-services-basement:10.0.1] AndroidManifest.xml:16:1-23:12
MERGED from [com.android.support:support-v4:27.1.1] AndroidManifest.xml:17:1-22:12
MERGED from [com.android.support:recyclerview-v7:27.1.1] AndroidManifest.xml:17:1-22:12
MERGED from [com.android.support:support-fragment:27.1.1] AndroidManifest.xml:17:1-22:12
MERGED from [com.android.support:animated-vector-drawable:27.1.1] AndroidManifest.xml:17:1-22:12
MERGED from [com.android.support:support-core-ui:27.1.1] AndroidManifest.xml:17:1-22:12
MERGED from [com.android.support:transition:27.1.1] AndroidManifest.xml:17:1-22:12
MERGED from [com.android.support:support-core-utils:27.1.1] AndroidManifest.xml:17:1-22:12
MERGED from [com.android.support:support-vector-drawable:27.1.1] AndroidManifest.xml:17:1-22:12
MERGED from [com.android.support:support-media-compat:27.1.1] AndroidManifest.xml:17:1-22:12
MERGED from [com.android.support:support-compat:27.1.1] AndroidManifest.xml:17:1-22:12
MERGED from [android.arch.lifecycle:runtime:1.1.1] AndroidManifest.xml:17:1-22:12
MERGED from [android.arch.lifecycle:livedata:1.1.1] AndroidManifest.xml:17:1-22:12
MERGED from [android.arch.lifecycle:livedata-core:1.1.1] AndroidManifest.xml:17:1-22:12
MERGED from [android.arch.core:runtime:1.1.1] AndroidManifest.xml:17:1-22:12
MERGED from [android.arch.lifecycle:viewmodel:1.1.1] AndroidManifest.xml:17:1-22:12
MERGED from [com.crashlytics.sdk.android:crashlytics-core:2.6.2] AndroidManifest.xml:45:1-56:12
MERGED from [com.crashlytics.sdk.android:beta:1.2.7] AndroidManifest.xml:2:1-13:12
MERGED from [com.crashlytics.sdk.android:answers:1.4.1] AndroidManifest.xml:2:1-13:12
MERGED from [io.fabric.sdk.android:fabric:1.4.2] AndroidManifest.xml:22:1-33:12
INJECTED from src/debug/AndroidManifest.xml:2:1-15:12
INJECTED from src/debug/AndroidManifest.xml:2:1-15:12
INJECTED from src/debug/AndroidManifest.xml:2:1-15:12
	package
		ADDED from src/main/AndroidManifest.xml:12:5-38
		INJECTED from src/main/AndroidManifest.xml
		INJECTED from src/debug/AndroidManifest.xml
	android:versionName
		INJECTED from src/main/AndroidManifest.xml
		ADDED from src/main/AndroidManifest.xml:10:1-283:12
		INJECTED from src/debug/AndroidManifest.xml
	xmlns:tools
		ADDED from src/main/AndroidManifest.xml:11:5-51
	android:versionCode
		INJECTED from src/main/AndroidManifest.xml
		ADDED from src/main/AndroidManifest.xml:10:1-283:12
		INJECTED from src/debug/AndroidManifest.xml
	xmlns:android
		ADDED from src/main/AndroidManifest.xml:10:11-69
uses-feature#android.hardware.location
ADDED from src/main/AndroidManifest.xml:14:5-16:36
	android:required
		ADDED from src/main/AndroidManifest.xml:16:9-33
	android:name
		ADDED from src/main/AndroidManifest.xml:15:9-49
uses-feature#android.hardware.location.network
ADDED from src/main/AndroidManifest.xml:17:5-19:36
MERGED from [org.osmdroid:osmdroid-android:5.6.4] AndroidManifest.xml:24:5-26:36
MERGED from [org.osmdroid:osmdroid-android:5.6.4] AndroidManifest.xml:24:5-26:36
	android:required
		ADDED from src/main/AndroidManifest.xml:19:9-33
	android:name
		ADDED from src/main/AndroidManifest.xml:18:9-57
uses-feature#android.hardware.location.gps
ADDED from src/main/AndroidManifest.xml:20:5-22:36
MERGED from [org.osmdroid:osmdroid-android:5.6.4] AndroidManifest.xml:27:5-29:36
MERGED from [org.osmdroid:osmdroid-android:5.6.4] AndroidManifest.xml:27:5-29:36
	android:required
		ADDED from src/main/AndroidManifest.xml:22:9-33
	android:name
		ADDED from src/main/AndroidManifest.xml:21:9-53
uses-feature#android.hardware.telephony
ADDED from src/main/AndroidManifest.xml:23:5-25:36
MERGED from [org.osmdroid:osmdroid-android:5.6.4] AndroidManifest.xml:30:5-32:36
MERGED from [org.osmdroid:osmdroid-android:5.6.4] AndroidManifest.xml:30:5-32:36
	android:required
		ADDED from src/main/AndroidManifest.xml:25:9-33
	android:name
		ADDED from src/main/AndroidManifest.xml:24:9-50
uses-feature#android.hardware.wifi
ADDED from src/main/AndroidManifest.xml:26:5-28:36
MERGED from [org.osmdroid:osmdroid-android:5.6.4] AndroidManifest.xml:33:5-35:36
MERGED from [org.osmdroid:osmdroid-android:5.6.4] AndroidManifest.xml:33:5-35:36
MERGED from [com.journeyapps:zxing-android-embedded:3.5.0] AndroidManifest.xml:41:5-43:36
MERGED from [com.journeyapps:zxing-android-embedded:3.5.0] AndroidManifest.xml:41:5-43:36
	android:required
		ADDED from src/main/AndroidManifest.xml:28:9-33
	android:name
		ADDED from src/main/AndroidManifest.xml:27:9-45
uses-permission#android.permission.READ_PHONE_STATE
ADDED from src/main/AndroidManifest.xml:30:5-75
	android:name
		ADDED from src/main/AndroidManifest.xml:30:22-72
uses-permission#android.permission.ACCESS_WIFI_STATE
ADDED from src/main/AndroidManifest.xml:31:5-76
MERGED from [org.osmdroid:osmdroid-android:5.6.4] AndroidManifest.xml:18:5-76
MERGED from [org.osmdroid:osmdroid-android:5.6.4] AndroidManifest.xml:18:5-76
	android:name
		ADDED from src/main/AndroidManifest.xml:31:22-73
uses-permission#android.permission.INTERNET
ADDED from src/main/AndroidManifest.xml:32:5-67
MERGED from [com.google.android.gms:play-services-analytics:10.0.1] AndroidManifest.xml:20:5-66
MERGED from [com.google.android.gms:play-services-analytics:10.0.1] AndroidManifest.xml:20:5-66
MERGED from [com.google.android.gms:play-services-maps:10.0.1] AndroidManifest.xml:20:5-66
MERGED from [com.google.android.gms:play-services-maps:10.0.1] AndroidManifest.xml:20:5-66
MERGED from [com.crashlytics.sdk.android:crashlytics:2.9.2] AndroidManifest.xml:9:5-67
MERGED from [com.crashlytics.sdk.android:crashlytics:2.9.2] AndroidManifest.xml:9:5-67
MERGED from [org.osmdroid:osmdroid-android:5.6.4] AndroidManifest.xml:20:5-67
MERGED from [org.osmdroid:osmdroid-android:5.6.4] AndroidManifest.xml:20:5-67
MERGED from [com.google.android.gms:play-services-analytics-impl:10.0.1] AndroidManifest.xml:20:5-66
MERGED from [com.google.android.gms:play-services-analytics-impl:10.0.1] AndroidManifest.xml:20:5-66
MERGED from [com.google.firebase:firebase-analytics:10.0.1] AndroidManifest.xml:20:5-66
MERGED from [com.google.firebase:firebase-analytics:10.0.1] AndroidManifest.xml:20:5-66
MERGED from [com.google.firebase:firebase-analytics-impl:10.0.1] AndroidManifest.xml:20:5-66
MERGED from [com.google.firebase:firebase-analytics-impl:10.0.1] AndroidManifest.xml:20:5-66
MERGED from [com.google.firebase:firebase-iid:10.0.1] AndroidManifest.xml:20:5-66
MERGED from [com.google.firebase:firebase-iid:10.0.1] AndroidManifest.xml:20:5-66
MERGED from [com.crashlytics.sdk.android:crashlytics-core:2.6.2] AndroidManifest.xml:52:5-67
MERGED from [com.crashlytics.sdk.android:crashlytics-core:2.6.2] AndroidManifest.xml:52:5-67
MERGED from [com.crashlytics.sdk.android:beta:1.2.7] AndroidManifest.xml:9:5-67
MERGED from [com.crashlytics.sdk.android:beta:1.2.7] AndroidManifest.xml:9:5-67
MERGED from [com.crashlytics.sdk.android:answers:1.4.1] AndroidManifest.xml:9:5-67
MERGED from [com.crashlytics.sdk.android:answers:1.4.1] AndroidManifest.xml:9:5-67
MERGED from [io.fabric.sdk.android:fabric:1.4.2] AndroidManifest.xml:29:5-67
MERGED from [io.fabric.sdk.android:fabric:1.4.2] AndroidManifest.xml:29:5-67
	android:name
		ADDED from src/main/AndroidManifest.xml:32:22-64
uses-permission#android.permission.ACCESS_FINE_LOCATION
ADDED from src/main/AndroidManifest.xml:33:5-79
MERGED from [org.osmdroid:osmdroid-android:5.6.4] AndroidManifest.xml:16:5-79
MERGED from [org.osmdroid:osmdroid-android:5.6.4] AndroidManifest.xml:16:5-79
	android:name
		ADDED from src/main/AndroidManifest.xml:33:22-76
uses-permission#android.permission.ACCESS_COARSE_LOCATION
ADDED from src/main/AndroidManifest.xml:34:5-81
MERGED from [org.osmdroid:osmdroid-android:5.6.4] AndroidManifest.xml:17:5-81
MERGED from [org.osmdroid:osmdroid-android:5.6.4] AndroidManifest.xml:17:5-81
	android:name
		ADDED from src/main/AndroidManifest.xml:34:22-78
uses-permission#android.permission.READ_EXTERNAL_STORAGE
ADDED from src/main/AndroidManifest.xml:35:5-80
MERGED from [com.squareup.leakcanary:leakcanary-android:1.5.4] AndroidManifest.xml:23:5-80
MERGED from [com.squareup.leakcanary:leakcanary-android:1.5.4] AndroidManifest.xml:23:5-80
MERGED from [org.osmdroid:osmdroid-android:5.6.4] AndroidManifest.xml:22:5-80
MERGED from [org.osmdroid:osmdroid-android:5.6.4] AndroidManifest.xml:22:5-80
	android:name
		ADDED from src/main/AndroidManifest.xml:35:22-77
uses-permission#android.permission.WRITE_EXTERNAL_STORAGE
ADDED from src/main/AndroidManifest.xml:36:5-80
MERGED from [com.squareup.leakcanary:leakcanary-android:1.5.4] AndroidManifest.xml:24:5-81
MERGED from [com.squareup.leakcanary:leakcanary-android:1.5.4] AndroidManifest.xml:24:5-81
MERGED from [org.osmdroid:osmdroid-android:5.6.4] AndroidManifest.xml:21:5-81
MERGED from [org.osmdroid:osmdroid-android:5.6.4] AndroidManifest.xml:21:5-81
	android:name
		ADDED from src/main/AndroidManifest.xml:36:22-78
uses-permission#android.permission.GET_ACCOUNTS
ADDED from src/main/AndroidManifest.xml:37:5-71
	android:name
		ADDED from src/main/AndroidManifest.xml:37:22-68
uses-permission#android.permission.USE_CREDENTIALS
ADDED from src/main/AndroidManifest.xml:38:5-74
	android:name
		ADDED from src/main/AndroidManifest.xml:38:22-71
uses-permission#android.permission.ACCESS_NETWORK_STATE
ADDED from src/main/AndroidManifest.xml:39:5-79
MERGED from [com.google.android.gms:play-services-analytics:10.0.1] AndroidManifest.xml:21:5-78
MERGED from [com.google.android.gms:play-services-analytics:10.0.1] AndroidManifest.xml:21:5-78
MERGED from [com.google.android.gms:play-services-maps:10.0.1] AndroidManifest.xml:19:5-78
MERGED from [com.google.android.gms:play-services-maps:10.0.1] AndroidManifest.xml:19:5-78
MERGED from [com.evernote:android-job:1.2.5] AndroidManifest.xml:13:5-79
MERGED from [com.evernote:android-job:1.2.5] AndroidManifest.xml:13:5-79
MERGED from [org.osmdroid:osmdroid-android:5.6.4] AndroidManifest.xml:19:5-79
MERGED from [org.osmdroid:osmdroid-android:5.6.4] AndroidManifest.xml:19:5-79
MERGED from [com.google.android.gms:play-services-analytics-impl:10.0.1] AndroidManifest.xml:21:5-78
MERGED from [com.google.android.gms:play-services-analytics-impl:10.0.1] AndroidManifest.xml:21:5-78
MERGED from [com.google.firebase:firebase-analytics:10.0.1] AndroidManifest.xml:21:5-78
MERGED from [com.google.firebase:firebase-analytics:10.0.1] AndroidManifest.xml:21:5-78
MERGED from [com.google.firebase:firebase-analytics-impl:10.0.1] AndroidManifest.xml:21:5-78
MERGED from [com.google.firebase:firebase-analytics-impl:10.0.1] AndroidManifest.xml:21:5-78
MERGED from [com.google.firebase:firebase-iid:10.0.1] AndroidManifest.xml:19:5-78
MERGED from [com.google.firebase:firebase-iid:10.0.1] AndroidManifest.xml:19:5-78
	android:name
		ADDED from src/main/AndroidManifest.xml:39:22-76
uses-permission#android.permission.MANAGE_ACCOUNTS
ADDED from src/main/AndroidManifest.xml:40:5-74
	android:name
		ADDED from src/main/AndroidManifest.xml:40:22-71
uses-permission#android.permission.WAKE_LOCK
ADDED from src/main/AndroidManifest.xml:42:5-68
MERGED from [com.google.android.gms:play-services-analytics:10.0.1] AndroidManifest.xml:24:5-67
MERGED from [com.google.android.gms:play-services-analytics:10.0.1] AndroidManifest.xml:24:5-67
MERGED from [com.evernote:android-job:1.2.5] AndroidManifest.xml:12:5-68
MERGED from [com.evernote:android-job:1.2.5] AndroidManifest.xml:12:5-68
MERGED from [com.google.android.gms:play-services-analytics-impl:10.0.1] AndroidManifest.xml:24:5-67
MERGED from [com.google.android.gms:play-services-analytics-impl:10.0.1] AndroidManifest.xml:24:5-67
MERGED from [com.google.firebase:firebase-analytics:10.0.1] AndroidManifest.xml:22:5-67
MERGED from [com.google.firebase:firebase-analytics:10.0.1] AndroidManifest.xml:22:5-67
MERGED from [com.google.firebase:firebase-analytics-impl:10.0.1] AndroidManifest.xml:22:5-67
MERGED from [com.google.firebase:firebase-analytics-impl:10.0.1] AndroidManifest.xml:22:5-67
MERGED from [com.google.firebase:firebase-iid:10.0.1] AndroidManifest.xml:21:5-67
MERGED from [com.google.firebase:firebase-iid:10.0.1] AndroidManifest.xml:21:5-67
	android:name
		ADDED from src/main/AndroidManifest.xml:42:22-65
uses-permission#android.permission.CAMERA
ADDED from src/main/AndroidManifest.xml:43:5-65
MERGED from [com.journeyapps:zxing-android-embedded:3.5.0] AndroidManifest.xml:21:5-65
MERGED from [com.journeyapps:zxing-android-embedded:3.5.0] AndroidManifest.xml:21:5-65
	android:name
		ADDED from src/main/AndroidManifest.xml:43:22-62
uses-permission#android.permission.RECORD_AUDIO
ADDED from src/main/AndroidManifest.xml:44:5-71
	android:name
		ADDED from src/main/AndroidManifest.xml:44:22-68
uses-feature#android.hardware.camera
ADDED from src/main/AndroidManifest.xml:46:5-48:36
MERGED from [com.journeyapps:zxing-android-embedded:3.5.0] AndroidManifest.xml:24:5-26:36
MERGED from [com.journeyapps:zxing-android-embedded:3.5.0] AndroidManifest.xml:24:5-26:36
	android:required
		ADDED from src/main/AndroidManifest.xml:48:9-33
	android:name
		ADDED from src/main/AndroidManifest.xml:47:9-47
uses-feature#android.hardware.camera.autofocus
ADDED from src/main/AndroidManifest.xml:49:5-51:36
MERGED from [com.journeyapps:zxing-android-embedded:3.5.0] AndroidManifest.xml:32:5-34:36
MERGED from [com.journeyapps:zxing-android-embedded:3.5.0] AndroidManifest.xml:32:5-34:36
	android:required
		ADDED from src/main/AndroidManifest.xml:51:9-33
	android:name
		ADDED from src/main/AndroidManifest.xml:50:9-57
uses-feature#android.hardware.screen.portrait
ADDED from src/main/AndroidManifest.xml:52:5-54:36
	android:required
		ADDED from src/main/AndroidManifest.xml:54:9-33
	android:name
		ADDED from src/main/AndroidManifest.xml:53:9-56
uses-feature#0x00020000
ADDED from src/main/AndroidManifest.xml:55:5-57:35
MERGED from [com.google.android.gms:play-services-maps:10.0.1] AndroidManifest.xml:21:5-77
MERGED from [com.google.android.gms:play-services-maps:10.0.1] AndroidManifest.xml:21:5-77
	android:glEsVersion
		ADDED from src/main/AndroidManifest.xml:56:9-41
	android:required
		ADDED from src/main/AndroidManifest.xml:57:9-32
permission#org.odk.collect.android.permission.MAPS_RECEIVE
ADDED from src/main/AndroidManifest.xml:66:5-68:47
	android:protectionLevel
		ADDED from src/main/AndroidManifest.xml:68:9-44
	android:name
		ADDED from src/main/AndroidManifest.xml:67:9-71
uses-permission#org.odk.collect.android.permission.MAPS_RECEIVE
ADDED from src/main/AndroidManifest.xml:70:5-87
	android:name
		ADDED from src/main/AndroidManifest.xml:70:22-84
uses-permission#com.google.android.providers.gsf.permission.READ_GSERVICES
ADDED from src/main/AndroidManifest.xml:71:5-98
	android:name
		ADDED from src/main/AndroidManifest.xml:71:22-95
supports-screens
ADDED from src/main/AndroidManifest.xml:73:5-79:40
MERGED from [org.osmdroid:osmdroid-android:5.6.4] AndroidManifest.xml:11:5-14:40
MERGED from [org.osmdroid:osmdroid-android:5.6.4] AndroidManifest.xml:11:5-14:40
	android:largeScreens
		ADDED from src/main/AndroidManifest.xml:75:9-36
	android:smallScreens
		ADDED from src/main/AndroidManifest.xml:78:9-36
	android:normalScreens
		ADDED from src/main/AndroidManifest.xml:76:9-37
	android:xlargeScreens
		ADDED from src/main/AndroidManifest.xml:79:9-37
	android:resizeable
		ADDED from src/main/AndroidManifest.xml:77:9-34
	android:anyDensity
		ADDED from src/main/AndroidManifest.xml:74:9-34
application
ADDED from src/main/AndroidManifest.xml:81:5-281:19
MERGED from src/main/AndroidManifest.xml:81:5-281:19
MERGED from src/main/AndroidManifest.xml:81:5-281:19
MERGED from [com.squareup.leakcanary:leakcanary-android:1.5.4] AndroidManifest.xml:26:5-59:19
MERGED from [com.squareup.leakcanary:leakcanary-android:1.5.4] AndroidManifest.xml:26:5-59:19
MERGED from [com.karumi:dexter:4.2.0] AndroidManifest.xml:26:5-30:19
MERGED from [com.karumi:dexter:4.2.0] AndroidManifest.xml:26:5-30:19
MERGED from [pub.devrel:easypermissions:0.2.1] AndroidManifest.xml:12:5-20
MERGED from [pub.devrel:easypermissions:0.2.1] AndroidManifest.xml:12:5-20
MERGED from [com.google.android.gms:play-services-analytics:10.0.1] AndroidManifest.xml:26:5-19
MERGED from [com.google.android.gms:play-services-analytics:10.0.1] AndroidManifest.xml:26:5-19
MERGED from [com.google.android.gms:play-services-auth:10.0.1] AndroidManifest.xml:19:5-25:19
MERGED from [com.google.android.gms:play-services-auth:10.0.1] AndroidManifest.xml:19:5-25:19
MERGED from [com.google.android.gms:play-services-maps:10.0.1] AndroidManifest.xml:24:5-19
MERGED from [com.google.android.gms:play-services-maps:10.0.1] AndroidManifest.xml:24:5-19
MERGED from [com.google.android.gms:play-services-location:10.0.1] AndroidManifest.xml:4:5-19
MERGED from [com.google.android.gms:play-services-location:10.0.1] AndroidManifest.xml:4:5-19
MERGED from [com.google.firebase:firebase-core:10.0.1] AndroidManifest.xml:5:5-20
MERGED from [com.google.firebase:firebase-core:10.0.1] AndroidManifest.xml:5:5-20
MERGED from [com.crashlytics.sdk.android:crashlytics:2.9.2] AndroidManifest.xml:11:5-17:19
MERGED from [com.crashlytics.sdk.android:crashlytics:2.9.2] AndroidManifest.xml:11:5-17:19
MERGED from [com.evernote:android-job:1.2.5] AndroidManifest.xml:16:5-63:19
MERGED from [com.evernote:android-job:1.2.5] AndroidManifest.xml:16:5-63:19
MERGED from [com.jakewharton.timber:timber:4.7.0] AndroidManifest.xml:7:5-20
MERGED from [com.jakewharton.timber:timber:4.7.0] AndroidManifest.xml:7:5-20
MERGED from [com.journeyapps:zxing-android-embedded:3.5.0] AndroidManifest.xml:45:5-53:19
MERGED from [com.journeyapps:zxing-android-embedded:3.5.0] AndroidManifest.xml:45:5-53:19
MERGED from [android.arch.lifecycle:extensions:1.1.1] AndroidManifest.xml:22:5-28:19
MERGED from [android.arch.lifecycle:extensions:1.1.1] AndroidManifest.xml:22:5-28:19
MERGED from [com.squareup.leakcanary:leakcanary-analyzer:1.5.4] AndroidManifest.xml:23:5-20
MERGED from [com.squareup.leakcanary:leakcanary-analyzer:1.5.4] AndroidManifest.xml:23:5-20
MERGED from [com.google.android.gms:play-services-tagmanager-v4-impl:10.0.1] AndroidManifest.xml:19:5-19
MERGED from [com.google.android.gms:play-services-tagmanager-v4-impl:10.0.1] AndroidManifest.xml:19:5-19
MERGED from [com.google.android.gms:play-services-analytics-impl:10.0.1] AndroidManifest.xml:26:5-19
MERGED from [com.google.android.gms:play-services-analytics-impl:10.0.1] AndroidManifest.xml:26:5-19
MERGED from [com.google.android.gms:play-services-base:10.0.1] AndroidManifest.xml:18:5-20:19
MERGED from [com.google.android.gms:play-services-base:10.0.1] AndroidManifest.xml:18:5-20:19
MERGED from [com.google.firebase:firebase-analytics:10.0.1] AndroidManifest.xml:24:5-33:19
MERGED from [com.google.firebase:firebase-analytics:10.0.1] AndroidManifest.xml:24:5-33:19
MERGED from [com.google.firebase:firebase-analytics-impl:10.0.1] AndroidManifest.xml:24:5-28:19
MERGED from [com.google.firebase:firebase-analytics-impl:10.0.1] AndroidManifest.xml:24:5-28:19
MERGED from [com.google.firebase:firebase-iid:10.0.1] AndroidManifest.xml:28:5-50:19
MERGED from [com.google.firebase:firebase-iid:10.0.1] AndroidManifest.xml:28:5-50:19
MERGED from [com.google.firebase:firebase-common:10.0.1] AndroidManifest.xml:4:5-7:19
MERGED from [com.google.firebase:firebase-common:10.0.1] AndroidManifest.xml:4:5-7:19
MERGED from [com.google.android.gms:play-services-tasks:10.0.1] AndroidManifest.xml:4:5-19
MERGED from [com.google.android.gms:play-services-tasks:10.0.1] AndroidManifest.xml:4:5-19
MERGED from [com.google.android.gms:play-services-basement:10.0.1] AndroidManifest.xml:19:5-21:19
MERGED from [com.google.android.gms:play-services-basement:10.0.1] AndroidManifest.xml:19:5-21:19
MERGED from [com.crashlytics.sdk.android:crashlytics-core:2.6.2] AndroidManifest.xml:54:5-20
MERGED from [com.crashlytics.sdk.android:crashlytics-core:2.6.2] AndroidManifest.xml:54:5-20
MERGED from [com.crashlytics.sdk.android:beta:1.2.7] AndroidManifest.xml:11:5-20
MERGED from [com.crashlytics.sdk.android:beta:1.2.7] AndroidManifest.xml:11:5-20
MERGED from [com.crashlytics.sdk.android:answers:1.4.1] AndroidManifest.xml:11:5-20
MERGED from [com.crashlytics.sdk.android:answers:1.4.1] AndroidManifest.xml:11:5-20
MERGED from [io.fabric.sdk.android:fabric:1.4.2] AndroidManifest.xml:31:5-20
MERGED from [io.fabric.sdk.android:fabric:1.4.2] AndroidManifest.xml:31:5-20
	android:supportsRtl
		ADDED from src/main/AndroidManifest.xml:87:9-35
		ADDED from src/main/AndroidManifest.xml:87:9-35
	android:label
		ADDED from src/main/AndroidManifest.xml:85:9-41
		ADDED from src/main/AndroidManifest.xml:85:9-41
	tools:ignore
		ADDED from [com.evernote:android-job:1.2.5] AndroidManifest.xml:16:18-44
	android:largeHeap
		ADDED from src/main/AndroidManifest.xml:86:9-33
		ADDED from src/main/AndroidManifest.xml:86:9-33
	android:installLocation
		ADDED from src/main/AndroidManifest.xml:84:9-39
		ADDED from src/main/AndroidManifest.xml:84:9-39
	android:icon
		ADDED from src/main/AndroidManifest.xml:83:9-39
		ADDED from src/main/AndroidManifest.xml:83:9-39
	tools:replace
		ADDED from src/debug/AndroidManifest.xml:13:9-37
	android:name
		ADDED from src/main/AndroidManifest.xml:82:9-44
		REJECTED from src/main/AndroidManifest.xml:82:9-44
provider#org.odk.collect.android.provider.FormsProvider
ADDED from src/main/AndroidManifest.xml:88:9-91:39
	android:authorities
		ADDED from src/main/AndroidManifest.xml:90:13-77
	android:exported
		ADDED from src/main/AndroidManifest.xml:91:13-36
	android:name
		ADDED from src/main/AndroidManifest.xml:89:13-51
provider#org.odk.collect.android.provider.InstanceProvider
ADDED from src/main/AndroidManifest.xml:92:9-95:39
	android:authorities
		ADDED from src/main/AndroidManifest.xml:94:13-81
	android:exported
		ADDED from src/main/AndroidManifest.xml:95:13-36
	android:name
		ADDED from src/main/AndroidManifest.xml:93:13-54
activity#org.odk.collect.android.activities.MainMenuActivity
ADDED from src/main/AndroidManifest.xml:107:9-109:69
	android:configChanges
		ADDED from src/main/AndroidManifest.xml:109:13-66
	android:name
		ADDED from src/main/AndroidManifest.xml:108:13-56
activity#org.odk.collect.android.activities.ScannerWithFlashlightActivity
ADDED from src/main/AndroidManifest.xml:110:9-114:63
	android:screenOrientation
		ADDED from src/main/AndroidManifest.xml:112:13-49
	android:stateNotNeeded
		ADDED from src/main/AndroidManifest.xml:113:13-42
	android:windowSoftInputMode
		ADDED from src/main/AndroidManifest.xml:114:13-60
	android:name
		ADDED from src/main/AndroidManifest.xml:111:13-69
activity#org.odk.collect.android.activities.FormEntryActivity
ADDED from src/main/AndroidManifest.xml:115:9-128:20
	android:windowSoftInputMode
		ADDED from src/main/AndroidManifest.xml:118:13-55
	android:configChanges
		ADDED from src/main/AndroidManifest.xml:117:13-48
	android:name
		ADDED from src/main/AndroidManifest.xml:116:13-57
intent-filter#action:name:android.intent.action.EDIT+action:name:android.intent.action.VIEW+category:name:android.intent.category.DEFAULT+data:mimeType:vnd.android.cursor.item/vnd.odk.form+data:mimeType:vnd.android.cursor.item/vnd.odk.instance
ADDED from src/main/AndroidManifest.xml:119:13-127:29
action#android.intent.action.VIEW
ADDED from src/main/AndroidManifest.xml:120:17-69
	android:name
		ADDED from src/main/AndroidManifest.xml:120:25-66
action#android.intent.action.EDIT
ADDED from src/main/AndroidManifest.xml:121:17-69
	android:name
		ADDED from src/main/AndroidManifest.xml:121:25-66
category#android.intent.category.DEFAULT
ADDED from src/main/AndroidManifest.xml:123:17-76
	android:name
		ADDED from src/main/AndroidManifest.xml:123:27-73
data
ADDED from src/main/AndroidManifest.xml:125:17-81
	android:mimeType
		ADDED from src/main/AndroidManifest.xml:125:23-78
activity#org.odk.collect.android.activities.NotificationActivity
ADDED from src/main/AndroidManifest.xml:129:9-134:39
	android:excludeFromRecents
		ADDED from src/main/AndroidManifest.xml:131:13-46
	android:launchMode
		ADDED from src/main/AndroidManifest.xml:133:13-44
	android:theme
		ADDED from src/main/AndroidManifest.xml:132:13-83
	android:taskAffinity
		ADDED from src/main/AndroidManifest.xml:134:13-36
	android:name
		ADDED from src/main/AndroidManifest.xml:130:13-60
activity#org.odk.collect.android.activities.DrawActivity
ADDED from src/main/AndroidManifest.xml:135:9-137:53
	android:screenOrientation
		ADDED from src/main/AndroidManifest.xml:137:13-50
	android:name
		ADDED from src/main/AndroidManifest.xml:136:13-52
activity#org.odk.collect.android.activities.GoogleDriveActivity
ADDED from src/main/AndroidManifest.xml:138:9-141:57
	android:windowSoftInputMode
		ADDED from src/main/AndroidManifest.xml:141:13-54
	android:configChanges
		ADDED from src/main/AndroidManifest.xml:140:13-59
	android:name
		ADDED from src/main/AndroidManifest.xml:139:13-59
activity#org.odk.collect.android.activities.InstanceChooserList
ADDED from src/main/AndroidManifest.xml:142:9-151:20
	android:name
		ADDED from src/main/AndroidManifest.xml:142:19-65
intent-filter#action:name:android.intent.action.EDIT+action:name:android.intent.action.VIEW+category:name:android.intent.category.DEFAULT+data:mimeType:vnd.android.cursor.dir/vnd.odk.instance
ADDED from src/main/AndroidManifest.xml:143:13-150:29
activity#org.odk.collect.android.activities.FormChooserList
ADDED from src/main/AndroidManifest.xml:152:9-162:20
	android:name
		ADDED from src/main/AndroidManifest.xml:152:19-61
intent-filter#action:name:android.intent.action.EDIT+action:name:android.intent.action.PICK+action:name:android.intent.action.VIEW+category:name:android.intent.category.DEFAULT+data:mimeType:vnd.android.cursor.dir/vnd.odk.form
ADDED from src/main/AndroidManifest.xml:153:13-161:29
action#android.intent.action.PICK
ADDED from src/main/AndroidManifest.xml:156:17-69
	android:name
		ADDED from src/main/AndroidManifest.xml:156:25-66
activity#org.odk.collect.android.activities.FormDownloadList
ADDED from src/main/AndroidManifest.xml:163:9-65
	android:name
		ADDED from src/main/AndroidManifest.xml:163:19-62